Warning[205] C:\MYCODE\MICROCOMPUTER\LAB6.X\HARD.ASM 1 : Found directive in column 1. (LIST)
Warning[207] C:\MYCODE\MICROCOMPUTER\LAB6.X\HARD.ASM 8 : Found label after column 1. (L1)
Warning[207] C:\MYCODE\MICROCOMPUTER\LAB6.X\HARD.ASM 9 : Found label after column 1. (L2)
Warning[205] C:\MYCODE\MICROCOMPUTER\LAB6.X\HARD.ASM 43 : Found directive in column 1. (endm)
Warning[207] C:\MYCODE\MICROCOMPUTER\LAB6.X\HARD.ASM 26 : Found label after column 1. (LOOP2)
Warning[207] C:\MYCODE\MICROCOMPUTER\LAB6.X\HARD.ASM 31 : Found label after column 1. (LOOP1)
Warning[207] C:\MYCODE\MICROCOMPUTER\LAB6.X\HARD.ASM 67 : Found label after column 1. (check_release)
Warning[207] C:\MYCODE\MICROCOMPUTER\LAB6.X\HARD.ASM 71 : Found label after column 1. (state_cycle)
Warning[207] C:\MYCODE\MICROCOMPUTER\LAB6.X\HARD.ASM 83 : Found label after column 1. (change_state)
Warning[207] C:\MYCODE\MICROCOMPUTER\LAB6.X\HARD.ASM 110 : Found label after column 1. (state_1_0)
Warning[207] C:\MYCODE\MICROCOMPUTER\LAB6.X\HARD.ASM 115 : Found label after column 1. (state_1_1)
Warning[207] C:\MYCODE\MICROCOMPUTER\LAB6.X\HARD.ASM 123 : Found label after column 1. (state_1_2)
Warning[207] C:\MYCODE\MICROCOMPUTER\LAB6.X\HARD.ASM 131 : Found label after column 1. (state_1_3)
Warning[207] C:\MYCODE\MICROCOMPUTER\LAB6.X\HARD.ASM 160 : Found label after column 1. (state_2_0)
Warning[207] C:\MYCODE\MICROCOMPUTER\LAB6.X\HARD.ASM 165 : Found label after column 1. (state_2_1)
Warning[207] C:\MYCODE\MICROCOMPUTER\LAB6.X\HARD.ASM 174 : Found label after column 1. (state_2_2)
Warning[207] C:\MYCODE\MICROCOMPUTER\LAB6.X\HARD.ASM 183 : Found label after column 1. (state_2_3)
Warning[207] C:\MYCODE\MICROCOMPUTER\LAB6.X\HARD.ASM 191 : Found label after column 1. (state_2_4)
Warning[207] C:\MYCODE\MICROCOMPUTER\LAB6.X\HARD.ASM 200 : Found label after column 1. (state_2_5)
Warning[207] C:\MYCODE\MICROCOMPUTER\LAB6.X\HARD.ASM 208 : Found label after column 1. (state_2_6)
Warning[207] C:\MYCODE\MICROCOMPUTER\LAB6.X\HARD.ASM 217 : Found label after column 1. (state_2_7)
Warning[205] C:\MYCODE\MICROCOMPUTER\LAB6.X\HARD.ASM 228 : Found directive in column 1. (end)
