

Microchip MPLAB XC8 Assembler V3.00 build 20241204225717 
                                                                                               Sat Nov 08 23:21:57 2025

Microchip MPLAB XC8 C Compiler v3.00 (Free license) build 20241204225717 Og1 
     1                           	processor	18F4520
     2                           	fnconf	rparam,??,?,0
     3                           	pagewidth 120
     4                           	opt	flic
     5                           	psect	cinit,global,reloc=2,class=CODE,space=0,delta=1
     6                           	psect	bssBANK1,global,class=BANK1,space=1,delta=1,lowdata,noexec
     7                           	psect	cstackCOMRAM,global,class=COMRAM,space=1,delta=1,lowdata,noexec
     8                           	psect	text0,global,reloc=2,class=CODE,space=0,delta=1
     9                           	psect	text1,global,reloc=2,class=CODE,space=0,delta=1
    10                           	psect	text2,global,reloc=2,class=CODE,space=0,delta=1,group=1
    11                           	psect	smallconst,global,reloc=2,class=SMALLCONST,space=0,delta=1,noexec
    12                           	psect	intsave_regs,global,class=BIGRAM,space=1,delta=1,noexec
    13                           	psect	rparam,global,class=COMRAM,space=1,delta=1,noexec
    14                           	psect	idloc,global,abs,ovrld,class=IDLOC,space=5,delta=1,noexec
    15                           	psect	config,global,abs,ovrld,class=CONFIG,space=4,delta=1,noexec
    16   000000                     
    17                           ; Generated 05/12/2024 GMT
    18                           ; 
    19                           ; Copyright © 2024, Microchip Technology Inc. and its subsidiaries ("Microchip")
    20                           ; All rights reserved.
    21                           ; 
    22                           ; This software is developed by Microchip Technology Inc. and its subsidiaries ("Microch
      +                          ip").
    23                           ; 
    24                           ; Redistribution and use in source and binary forms, with or without modification, are
    25                           ; permitted provided that the following conditions are met:
    26                           ; 
    27                           ;     1. Redistributions of source code must retain the above copyright notice, this lis
      +                          t of
    28                           ;        conditions and the following disclaimer.
    29                           ; 
    30                           ;     2. Redistributions in binary form must reproduce the above copyright notice, this 
      +                          list
    31                           ;        of conditions and the following disclaimer in the documentation and/or other
    32                           ;        materials provided with the distribution. Publication is not required when
    33                           ;        this file is used in an embedded application.
    34                           ; 
    35                           ;     3. Microchip's name may not be used to endorse or promote products derived from th
      +                          is
    36                           ;        software without specific prior written permission.
    37                           ; 
    38                           ; THIS SOFTWARE IS PROVIDED BY MICROCHIP "AS IS" AND ANY EXPRESS OR IMPLIED WARRANTIES,
    39                           ; INCLUDING, BUT NOT LIMITED TO, THE IMPLIED WARRANTIES OF MERCHANTABILITY AND FITNESS F
      +                          OR
    40                           ; PURPOSE ARE DISCLAIMED.  IN NO EVENT SHALL MICROCHIP BE LIABLE FOR ANY DIRECT, INDIREC
      +                          T,
    41                           ; INCIDENTAL, SPECIAL, EXEMPLARY, OR CONSEQUENTIAL DAMAGES (INCLUDING BUT NOT LIMITED TO
    42                           ; PROCUREMENT OF SUBSTITUTE GOODS OR SERVICES; LOSS OF USE, DATA OR PROFITS; OR BUSINESS
    43                           ; INTERRUPTION) HOWSOEVER CAUSED AND ON ANY THEORY OF LIABILITY, WHETHER IN CONTRACT, ST
      +                          RICT
    44                           ; LIABILITY, OR TORT (INCLUDING NEGLIGENCE OR OTHERWISE) ARISING IN ANY WAY OUT OF THE U
      +                          SE OF
    45                           ; THIS SOFTWARE, EVEN IF ADVISED OF THE POSSIBILITY OF SUCH DAMAGE.
    46                           ; 
    47                           ; 
    48                           ; Code-generator required, PIC18F4520 Definitions
    49                           ; 
    50                           ; SFR Addresses
    51   000FE0                     bsr             equ	4064
    52   000FE9                     fsr0            equ	4073
    53   000FEA                     fsr0h           equ	4074
    54   000FE9                     fsr0l           equ	4073
    55   000FE1                     fsr1            equ	4065
    56   000FE2                     fsr1h           equ	4066
    57   000FE1                     fsr1l           equ	4065
    58   000FD9                     fsr2            equ	4057
    59   000FDA                     fsr2h           equ	4058
    60   000FD9                     fsr2l           equ	4057
    61   000FEF                     indf0           equ	4079
    62   000FE7                     indf1           equ	4071
    63   000FDF                     indf2           equ	4063
    64   000FF2                     intcon          equ	4082
    65   000000                     nvmcon          equ	0
    66   000FF9                     pcl             equ	4089
    67   000FFA                     pclath          equ	4090
    68   000FFB                     pclatu          equ	4091
    69   000FEB                     plusw0          equ	4075
    70   000FE3                     plusw1          equ	4067
    71   000FDB                     plusw2          equ	4059
    72   000FED                     postdec0        equ	4077
    73   000FE5                     postdec1        equ	4069
    74   000FDD                     postdec2        equ	4061
    75   000FEE                     postinc0        equ	4078
    76   000FE6                     postinc1        equ	4070
    77   000FDE                     postinc2        equ	4062
    78   000FEC                     preinc0         equ	4076
    79   000FE4                     preinc1         equ	4068
    80   000FDC                     preinc2         equ	4060
    81   000FF3                     prod            equ	4083
    82   000FF4                     prodh           equ	4084
    83   000FF3                     prodl           equ	4083
    84   000FD8                     status          equ	4056
    85   000FF5                     tablat          equ	4085
    86   000FF6                     tblptr          equ	4086
    87   000FF7                     tblptrh         equ	4087
    88   000FF6                     tblptrl         equ	4086
    89   000FF8                     tblptru         equ	4088
    90   000FFD                     tosl            equ	4093
    91   000FE8                     wreg            equ	4072
    92   000F80                     PORTA           equ	3968	;# 
    93   000F81                     PORTB           equ	3969	;# 
    94   000F82                     PORTC           equ	3970	;# 
    95   000F83                     PORTD           equ	3971	;# 
    96   000F84                     PORTE           equ	3972	;# 
    97   000F89                     LATA            equ	3977	;# 
    98   000F8A                     LATB            equ	3978	;# 
    99   000F8B                     LATC            equ	3979	;# 
   100   000F8C                     LATD            equ	3980	;# 
   101   000F8D                     LATE            equ	3981	;# 
   102   000F92                     TRISA           equ	3986	;# 
   103   000F92                     DDRA            equ	3986	;# 
   104   000F93                     TRISB           equ	3987	;# 
   105   000F93                     DDRB            equ	3987	;# 
   106   000F94                     TRISC           equ	3988	;# 
   107   000F94                     DDRC            equ	3988	;# 
   108   000F95                     TRISD           equ	3989	;# 
   109   000F95                     DDRD            equ	3989	;# 
   110   000F96                     TRISE           equ	3990	;# 
   111   000F96                     DDRE            equ	3990	;# 
   112   000F9B                     OSCTUNE         equ	3995	;# 
   113   000F9D                     PIE1            equ	3997	;# 
   114   000F9E                     PIR1            equ	3998	;# 
   115   000F9F                     IPR1            equ	3999	;# 
   116   000FA0                     PIE2            equ	4000	;# 
   117   000FA1                     PIR2            equ	4001	;# 
   118   000FA2                     IPR2            equ	4002	;# 
   119   000FA6                     EECON1          equ	4006	;# 
   120   000FA7                     EECON2          equ	4007	;# 
   121   000FA8                     EEDATA          equ	4008	;# 
   122   000FA9                     EEADR           equ	4009	;# 
   123   000FAB                     RCSTA           equ	4011	;# 
   124   000FAB                     RCSTA1          equ	4011	;# 
   125   000FAC                     TXSTA           equ	4012	;# 
   126   000FAC                     TXSTA1          equ	4012	;# 
   127   000FAD                     TXREG           equ	4013	;# 
   128   000FAD                     TXREG1          equ	4013	;# 
   129   000FAE                     RCREG           equ	4014	;# 
   130   000FAE                     RCREG1          equ	4014	;# 
   131   000FAF                     SPBRG           equ	4015	;# 
   132   000FAF                     SPBRG1          equ	4015	;# 
   133   000FB0                     SPBRGH          equ	4016	;# 
   134   000FB1                     T3CON           equ	4017	;# 
   135   000FB2                     TMR3            equ	4018	;# 
   136   000FB2                     TMR3L           equ	4018	;# 
   137   000FB3                     TMR3H           equ	4019	;# 
   138   000FB4                     CMCON           equ	4020	;# 
   139   000FB5                     CVRCON          equ	4021	;# 
   140   000FB6                     ECCP1AS         equ	4022	;# 
   141   000FB6                     ECCPAS          equ	4022	;# 
   142   000FB7                     PWM1CON         equ	4023	;# 
   143   000FB7                     ECCP1DEL        equ	4023	;# 
   144   000FB8                     BAUDCON         equ	4024	;# 
   145   000FB8                     BAUDCTL         equ	4024	;# 
   146   000FBA                     CCP2CON         equ	4026	;# 
   147   000FBB                     CCPR2           equ	4027	;# 
   148   000FBB                     CCPR2L          equ	4027	;# 
   149   000FBC                     CCPR2H          equ	4028	;# 
   150   000FBD                     CCP1CON         equ	4029	;# 
   151   000FBE                     CCPR1           equ	4030	;# 
   152   000FBE                     CCPR1L          equ	4030	;# 
   153   000FBF                     CCPR1H          equ	4031	;# 
   154   000FC0                     ADCON2          equ	4032	;# 
   155   000FC1                     ADCON1          equ	4033	;# 
   156   000FC2                     ADCON0          equ	4034	;# 
   157   000FC3                     ADRES           equ	4035	;# 
   158   000FC3                     ADRESL          equ	4035	;# 
   159   000FC4                     ADRESH          equ	4036	;# 
   160   000FC5                     SSPCON2         equ	4037	;# 
   161   000FC6                     SSPCON1         equ	4038	;# 
   162   000FC7                     SSPSTAT         equ	4039	;# 
   163   000FC8                     SSPADD          equ	4040	;# 
   164   000FC9                     SSPBUF          equ	4041	;# 
   165   000FCA                     T2CON           equ	4042	;# 
   166   000FCB                     PR2             equ	4043	;# 
   167   000FCB                     MEMCON          equ	4043	;# 
   168   000FCC                     TMR2            equ	4044	;# 
   169   000FCD                     T1CON           equ	4045	;# 
   170   000FCE                     TMR1            equ	4046	;# 
   171   000FCE                     TMR1L           equ	4046	;# 
   172   000FCF                     TMR1H           equ	4047	;# 
   173   000FD0                     RCON            equ	4048	;# 
   174   000FD1                     WDTCON          equ	4049	;# 
   175   000FD2                     HLVDCON         equ	4050	;# 
   176   000FD2                     LVDCON          equ	4050	;# 
   177   000FD3                     OSCCON          equ	4051	;# 
   178   000FD5                     T0CON           equ	4053	;# 
   179   000FD6                     TMR0            equ	4054	;# 
   180   000FD6                     TMR0L           equ	4054	;# 
   181   000FD7                     TMR0H           equ	4055	;# 
   182   000FD8                     STATUS          equ	4056	;# 
   183   000FD9                     FSR2            equ	4057	;# 
   184   000FD9                     FSR2L           equ	4057	;# 
   185   000FDA                     FSR2H           equ	4058	;# 
   186   000FDB                     PLUSW2          equ	4059	;# 
   187   000FDC                     PREINC2         equ	4060	;# 
   188   000FDD                     POSTDEC2        equ	4061	;# 
   189   000FDE                     POSTINC2        equ	4062	;# 
   190   000FDF                     INDF2           equ	4063	;# 
   191   000FE0                     BSR             equ	4064	;# 
   192   000FE1                     FSR1            equ	4065	;# 
   193   000FE1                     FSR1L           equ	4065	;# 
   194   000FE2                     FSR1H           equ	4066	;# 
   195   000FE3                     PLUSW1          equ	4067	;# 
   196   000FE4                     PREINC1         equ	4068	;# 
   197   000FE5                     POSTDEC1        equ	4069	;# 
   198   000FE6                     POSTINC1        equ	4070	;# 
   199   000FE7                     INDF1           equ	4071	;# 
   200   000FE8                     WREG            equ	4072	;# 
   201   000FE9                     FSR0            equ	4073	;# 
   202   000FE9                     FSR0L           equ	4073	;# 
   203   000FEA                     FSR0H           equ	4074	;# 
   204   000FEB                     PLUSW0          equ	4075	;# 
   205   000FEC                     PREINC0         equ	4076	;# 
   206   000FED                     POSTDEC0        equ	4077	;# 
   207   000FEE                     POSTINC0        equ	4078	;# 
   208   000FEF                     INDF0           equ	4079	;# 
   209   000FF0                     INTCON3         equ	4080	;# 
   210   000FF1                     INTCON2         equ	4081	;# 
   211   000FF2                     INTCON          equ	4082	;# 
   212   000FF3                     PROD            equ	4083	;# 
   213   000FF3                     PRODL           equ	4083	;# 
   214   000FF4                     PRODH           equ	4084	;# 
   215   000FF5                     TABLAT          equ	4085	;# 
   216   000FF6                     TBLPTR          equ	4086	;# 
   217   000FF6                     TBLPTRL         equ	4086	;# 
   218   000FF7                     TBLPTRH         equ	4087	;# 
   219   000FF8                     TBLPTRU         equ	4088	;# 
   220   000FF9                     PCLAT           equ	4089	;# 
   221   000FF9                     PC              equ	4089	;# 
   222   000FF9                     PCL             equ	4089	;# 
   223   000FFA                     PCLATH          equ	4090	;# 
   224   000FFB                     PCLATU          equ	4091	;# 
   225   000FFC                     STKPTR          equ	4092	;# 
   226   000FFD                     TOS             equ	4093	;# 
   227   000FFD                     TOSL            equ	4093	;# 
   228   000FFE                     TOSH            equ	4094	;# 
   229   000FFF                     TOSU            equ	4095	;# 
   230   000F8A                     _LATBbits       set	3978
   231   000F93                     _TRISBbits      set	3987
   232                           
   233                           ; #config settings
   234                           
   235                           	psect	cinit
   236   0007DA                     __pcinit:
   237                           	callstack 0
   238   0007DA                     start_initialization:
   239                           	callstack 0
   240   0007DA                     __initialization:
   241                           	callstack 0
   242                           
   243                           ; Clear objects allocated to BANK1 (192 bytes)
   244   0007DA  EE01  F000         	lfsr	0,__pbssBANK1
   245   0007DE  0EC0               	movlw	192
   246   0007E0                     clear_0:
   247   0007E0  6AEE               	clrf	postinc0,c
   248   0007E2  06E8               	decf	wreg,f,c
   249   0007E4  E1FD               	bnz	clear_0
   250   0007E6                     end_of_initialization:
   251                           	callstack 0
   252   0007E6                     __end_of__initialization:
   253                           	callstack 0
   254   0007E6  0100               	movlb	0
   255   0007E8  EF58  F003         	goto	_main	;jump to C main() function
   256                           
   257                           	psect	bssBANK1
   258   000100                     __pbssBANK1:
   259                           	callstack 0
   260   000100                     _buf:
   261                           	callstack 0
   262   000100                     	ds	192
   263                           
   264                           	psect	cstackCOMRAM
   265   000001                     __pcstackCOMRAM:
   266                           	callstack 0
   267   000001                     ?___awmod:
   268                           	callstack 0
   269   000001                     set_first_led@g:
   270                           	callstack 0
   271   000001                     _output_grb$0:
   272                           	callstack 0
   273   000001                     ___awmod@dividend:
   274                           	callstack 0
   275   000001                     
   276                           ; 1 bytes @ 0x0
   277   000001                     	ds	1
   278   000002                     set_first_led@b:
   279                           	callstack 0
   280                           
   281                           ; 1 bytes @ 0x1
   282   000002                     	ds	1
   283   000003                     set_first_led@r:
   284                           	callstack 0
   285   000003                     _output_grb$1:
   286                           	callstack 0
   287   000003                     ___awmod@divisor:
   288                           	callstack 0
   289   000003                     
   290                           ; 1 bytes @ 0x2
   291   000003                     	ds	1
   292   000004                     set_first_led@i:
   293                           	callstack 0
   294                           
   295                           ; 2 bytes @ 0x3
   296   000004                     	ds	1
   297   000005                     ___awmod@counter:
   298                           	callstack 0
   299   000005                     
   300                           ; 1 bytes @ 0x4
   301   000005                     	ds	1
   302   000006                     ___awmod@sign:
   303                           	callstack 0
   304                           
   305                           ; 1 bytes @ 0x5
   306   000006                     	ds	1
   307   000007                     ??_main:
   308                           
   309                           ; 1 bytes @ 0x6
   310   000007                     	ds	2
   311   000009                     main@r:
   312                           	callstack 0
   313                           
   314                           ; 1 bytes @ 0x8
   315   000009                     	ds	1
   316   00000A                     main@g:
   317                           	callstack 0
   318                           
   319                           ; 1 bytes @ 0x9
   320   00000A                     	ds	1
   321   00000B                     main@b:
   322                           	callstack 0
   323                           
   324                           ; 1 bytes @ 0xA
   325   00000B                     	ds	1
   326   00000C                     main@color_index:
   327                           	callstack 0
   328                           
   329                           ; 1 bytes @ 0xB
   330   00000C                     	ds	1
   331                           
   332 ;;
   333 ;;Main: autosize = 0, tempsize = 2, incstack = 0, save=0
   334 ;;
   335 ;; *************** function _main *****************
   336 ;; Defined at:
   337 ;;		line 37 in file "main.c"
   338 ;; Parameters:    Size  Location     Type
   339 ;;		None
   340 ;; Auto vars:     Size  Location     Type
   341 ;;  b               1   10[COMRAM] unsigned char 
   342 ;;  g               1    9[COMRAM] unsigned char 
   343 ;;  r               1    8[COMRAM] unsigned char 
   344 ;;  color_index     1   11[COMRAM] unsigned char 
   345 ;; Return value:  Size  Location     Type
   346 ;;                  1    wreg      void 
   347 ;; Registers used:
   348 ;;		wreg, fsr0l, fsr0h, fsr1l, fsr1h, fsr1l, fsr1h, fsr2l, fsr2h, bsr, status,2, status,0, pcl, pclath, pclatu, btemp, b
      +temp+1, btemp+2, btemp+3, btemp+4, btemp+5, btemp+6, btemp+7, btemp+8, btemp+9, btemp+10, btemp+11, btemp+12, btemp+13, 
      +btemp+14, btemp+15, btemp+16, btemp+17, btemp+18, btemp+19, btemp+20, btemp+21, btemp+22, btemp+23, btemp+24, btemp+25, 
      +btemp+26, btemp+27, btemp+28, btemp+29, btemp+30, btemp+31, tosl, structret, tblptrl, tblptrh, tblptru, prodl, prodh, cs
      +tack
   349 ;; Tracked objects:
   350 ;;		On entry : 0/0
   351 ;;		On exit  : 0/0
   352 ;;		Unchanged: 0/0
   353 ;; Data sizes:     COMRAM   BANK0   BANK1   BANK2   BANK3   BANK4   BANK5
   354 ;;      Params:         0       0       0       0       0       0       0
   355 ;;      Locals:         4       0       0       0       0       0       0
   356 ;;      Temps:          2       0       0       0       0       0       0
   357 ;;      Totals:         6       0       0       0       0       0       0
   358 ;;Total ram usage:        6 bytes
   359 ;; Hardware stack levels required when called: 1
   360 ;; This function calls:
   361 ;;		___awmod
   362 ;;		_output_grb
   363 ;;		_set_first_led
   364 ;; This function is called by:
   365 ;;		Startup code after reset
   366 ;; This function uses a non-reentrant model
   367 ;;
   368                           
   369                           	psect	text0
   370   0006B0                     __ptext0:
   371                           	callstack 0
   372   0006B0                     _main:
   373                           	callstack 30
   374   0006B0                     
   375                           ;main.c: 39:         }
   376   0006B0  9093               	bcf	147,0,c	;volatile
   377                           
   378                           ;main.c: 40: 
   379   0006B2  908A               	bcf	138,0,c	;volatile
   380                           
   381                           ;main.c: 42:         output_grb(buf, (64 * 3));
   382   0006B4  6A0C               	clrf	main@color_index^0,c
   383   0006B6                     l20:
   384                           
   385                           ;main.c: 45: 
   386   0006B6  6A09               	clrf	main@r^0,c
   387   0006B8  6A0A               	clrf	main@g^0,c
   388   0006BA  6A0B               	clrf	main@b^0,c
   389   0006BC                     
   390                           ;main.c: 46:         color_index = (color_index + 1) % 3;
   391   0006BC  500C               	movf	main@color_index^0,w,c
   392   0006BE  A4D8               	btfss	status,2,c
   393   0006C0  EF64  F003         	goto	u171
   394   0006C4  EF66  F003         	goto	u170
   395   0006C8                     u171:
   396   0006C8  EF69  F003         	goto	l823
   397   0006CC                     u170:
   398   0006CC                     
   399                           ;main.c: 47:     }
   400   0006CC  6809               	setf	main@r^0,c
   401                           
   402                           ;main.c: 48: }
   403   0006CE  EF75  F003         	goto	l827
   404   0006D2                     l823:
   405   0006D2  040C               	decf	main@color_index^0,w,c
   406   0006D4  A4D8               	btfss	status,2,c
   407   0006D6  EF6F  F003         	goto	u181
   408   0006DA  EF71  F003         	goto	u180
   409   0006DE                     u181:
   410   0006DE  EF74  F003         	goto	l23
   411   0006E2                     u180:
   412   0006E2  680A               	setf	main@g^0,c
   413   0006E4  EF75  F003         	goto	l827
   414   0006E8                     l23:
   415   0006E8  680B               	setf	main@b^0,c
   416   0006EA                     l827:
   417   0006EA  C00A  F001         	movff	main@g,set_first_led@g
   418   0006EE  C00B  F002         	movff	main@b,set_first_led@b
   419   0006F2  5009               	movf	main@r^0,w,c
   420   0006F4  ECCD  F003         	call	_set_first_led
   421   0006F8  0E00               	movlw	low _buf
   422   0006FA  6E01               	movwf	_output_grb$0^0,c
   423   0006FC  0E01               	movlw	high _buf
   424   0006FE  6E02               	movwf	(_output_grb$0+1)^0,c
   425   000700  0E00               	movlw	0
   426   000702  6E04               	movwf	(_output_grb$1+1)^0,c
   427   000704  0EC0               	movlw	192
   428   000706  6E03               	movwf	_output_grb$1^0,c
   429   000708  ECA3  F003         	call	_output_grb	;wreg free
   430   00070C  0E33               	movlw	51
   431   00070E  6E08               	movwf	(??_main+1)^0,c
   432   000710  0EBB               	movlw	187
   433   000712  6E07               	movwf	??_main^0,c
   434   000714  0EE0               	movlw	224
   435   000716                     u197:
   436   000716  2EE8               	decfsz	wreg,f,c
   437   000718  D7FE               	bra	u197
   438   00071A  2E07               	decfsz	??_main^0,f,c
   439   00071C  D7FC               	bra	u197
   440   00071E  2E08               	decfsz	(??_main+1)^0,f,c
   441   000720  D7FA               	bra	u197
   442   000722  0E01               	movlw	1
   443   000724  240C               	addwf	main@color_index^0,w,c
   444   000726  6E01               	movwf	___awmod@dividend^0,c
   445   000728  6A02               	clrf	(___awmod@dividend+1)^0,c
   446   00072A  0E00               	movlw	0
   447   00072C  2202               	addwfc	(___awmod@dividend+1)^0,f,c
   448   00072E  0E00               	movlw	0
   449   000730  6E04               	movwf	(___awmod@divisor+1)^0,c
   450   000732  0E03               	movlw	3
   451   000734  6E03               	movwf	___awmod@divisor^0,c
   452   000736  EC01  F003         	call	___awmod	;wreg free
   453   00073A  5001               	movf	?___awmod^0,w,c
   454   00073C  6E0C               	movwf	main@color_index^0,c
   455   00073E  EF5B  F003         	goto	l20
   456   000742  EFFE  F03F         	goto	start
   457   000746                     __end_of_main:
   458                           	callstack 0
   459                           
   460 ;; *************** function _set_first_led *****************
   461 ;; Defined at:
   462 ;;		line 24 in file "main.c"
   463 ;; Parameters:    Size  Location     Type
   464 ;;  r               1    wreg     unsigned char 
   465 ;;  g               1    0[COMRAM] unsigned char 
   466 ;;  b               1    1[COMRAM] unsigned char 
   467 ;; Auto vars:     Size  Location     Type
   468 ;;  r               1    2[COMRAM] unsigned char 
   469 ;;  i               2    3[COMRAM] unsigned short 
   470 ;; Return value:  Size  Location     Type
   471 ;;                  1    wreg      void 
   472 ;; Registers used:
   473 ;;		wreg, fsr2l, fsr2h, status,2, status,0
   474 ;; Tracked objects:
   475 ;;		On entry : 0/0
   476 ;;		On exit  : 0/0
   477 ;;		Unchanged: 0/0
   478 ;; Data sizes:     COMRAM   BANK0   BANK1   BANK2   BANK3   BANK4   BANK5
   479 ;;      Params:         2       0       0       0       0       0       0
   480 ;;      Locals:         3       0       0       0       0       0       0
   481 ;;      Temps:          0       0       0       0       0       0       0
   482 ;;      Totals:         5       0       0       0       0       0       0
   483 ;;Total ram usage:        5 bytes
   484 ;; Hardware stack levels used: 1
   485 ;; This function calls:
   486 ;;		Nothing
   487 ;; This function is called by:
   488 ;;		_main
   489 ;; This function uses a non-reentrant model
   490 ;;
   491                           
   492                           	psect	text1
   493   00079A                     __ptext1:
   494                           	callstack 0
   495   00079A                     _set_first_led:
   496                           	callstack 30
   497                           
   498                           ;incstack = 0
   499                           ;set_first_led@r stored from wreg
   500   00079A  6E03               	movwf	set_first_led@r^0,c
   501   00079C                     
   502                           ;main.c: 26:     TRISBbits.TRISB0 = 0;
   503   00079C  0E00               	movlw	0
   504   00079E  6E05               	movwf	(set_first_led@i+1)^0,c
   505   0007A0  0E00               	movlw	0
   506   0007A2  6E04               	movwf	set_first_led@i^0,c
   507   0007A4                     l775:
   508                           
   509                           ;main.c: 27:     LATBbits.LATB0 = 0;
   510   0007A4  0E00               	movlw	low _buf
   511   0007A6  2404               	addwf	set_first_led@i^0,w,c
   512   0007A8  6ED9               	movwf	fsr2l,c
   513   0007AA  0E01               	movlw	high _buf
   514   0007AC  2005               	addwfc	(set_first_led@i+1)^0,w,c
   515   0007AE  6EDA               	movwf	fsr2h,c
   516   0007B0  6ADF               	clrf	indf2,c
   517   0007B2                     
   518                           ;main.c: 28: 
   519   0007B2  4A04               	infsnz	set_first_led@i^0,f,c
   520   0007B4  2A05               	incf	(set_first_led@i+1)^0,f,c
   521   0007B6  5005               	movf	(set_first_led@i+1)^0,w,c
   522   0007B8  E109               	bnz	u100
   523   0007BA  0EC0               	movlw	192
   524   0007BC  5C04               	subwf	set_first_led@i^0,w,c
   525   0007BE  A0D8               	btfss	status,0,c
   526   0007C0  EFE4  F003         	goto	u101
   527   0007C4  EFE6  F003         	goto	u100
   528   0007C8                     u101:
   529   0007C8  EFD2  F003         	goto	l775
   530   0007CC                     u100:
   531   0007CC                     
   532                           ;main.c: 31:     while (1) {
   533   0007CC  C001  F100         	movff	set_first_led@g,_buf
   534                           
   535                           ;main.c: 32:         uint8_t r = 0, g = 0, b = 0;
   536   0007D0  C003  F101         	movff	set_first_led@r,_buf+1
   537                           
   538                           ;main.c: 33:         if (color_index == 0) {
   539   0007D4  C002  F102         	movff	set_first_led@b,_buf+2
   540   0007D8  0012               	return		;funcret
   541   0007DA                     __end_of_set_first_led:
   542                           	callstack 0
   543                           
   544 ;; *************** function ___awmod *****************
   545 ;; Defined at:
   546 ;;		line 7 in file "C:\Program Files\Microchip\xc8\v3.00\pic\sources\c99\common\awmod.c"
   547 ;; Parameters:    Size  Location     Type
   548 ;;  dividend        2    0[COMRAM] int 
   549 ;;  divisor         2    2[COMRAM] int 
   550 ;; Auto vars:     Size  Location     Type
   551 ;;  sign            1    5[COMRAM] unsigned char 
   552 ;;  counter         1    4[COMRAM] unsigned char 
   553 ;; Return value:  Size  Location     Type
   554 ;;                  2    0[COMRAM] int 
   555 ;; Registers used:
   556 ;;		wreg, status,2, status,0
   557 ;; Tracked objects:
   558 ;;		On entry : 0/0
   559 ;;		On exit  : 0/0
   560 ;;		Unchanged: 0/0
   561 ;; Data sizes:     COMRAM   BANK0   BANK1   BANK2   BANK3   BANK4   BANK5
   562 ;;      Params:         4       0       0       0       0       0       0
   563 ;;      Locals:         2       0       0       0       0       0       0
   564 ;;      Temps:          0       0       0       0       0       0       0
   565 ;;      Totals:         6       0       0       0       0       0       0
   566 ;;Total ram usage:        6 bytes
   567 ;; Hardware stack levels used: 1
   568 ;; This function calls:
   569 ;;		Nothing
   570 ;; This function is called by:
   571 ;;		_main
   572 ;; This function uses a non-reentrant model
   573 ;;
   574                           
   575                           	psect	text2
   576   000602                     __ptext2:
   577                           	callstack 0
   578   000602                     ___awmod:
   579                           	callstack 30
   580   000602  6A06               	clrf	___awmod@sign^0,c
   581   000604  BE02               	btfsc	(___awmod@dividend+1)^0,7,c
   582   000606  EF09  F003         	goto	u110
   583   00060A  EF07  F003         	goto	u111
   584   00060E                     u111:
   585   00060E  EF0F  F003         	goto	l789
   586   000612                     u110:
   587   000612  6C01               	negf	___awmod@dividend^0,c
   588   000614  1E02               	comf	(___awmod@dividend+1)^0,f,c
   589   000616  B0D8               	btfsc	status,0,c
   590   000618  2A02               	incf	(___awmod@dividend+1)^0,f,c
   591   00061A  0E01               	movlw	1
   592   00061C  6E06               	movwf	___awmod@sign^0,c
   593   00061E                     l789:
   594   00061E  BE04               	btfsc	(___awmod@divisor+1)^0,7,c
   595   000620  EF16  F003         	goto	u120
   596   000624  EF14  F003         	goto	u121
   597   000628                     u121:
   598   000628  EF1A  F003         	goto	l793
   599   00062C                     u120:
   600   00062C  6C03               	negf	___awmod@divisor^0,c
   601   00062E  1E04               	comf	(___awmod@divisor+1)^0,f,c
   602   000630  B0D8               	btfsc	status,0,c
   603   000632  2A04               	incf	(___awmod@divisor+1)^0,f,c
   604   000634                     l793:
   605   000634  5003               	movf	___awmod@divisor^0,w,c
   606   000636  1004               	iorwf	(___awmod@divisor+1)^0,w,c
   607   000638  B4D8               	btfsc	status,2,c
   608   00063A  EF21  F003         	goto	u131
   609   00063E  EF23  F003         	goto	u130
   610   000642                     u131:
   611   000642  EF47  F003         	goto	l809
   612   000646                     u130:
   613   000646  0E01               	movlw	1
   614   000648  6E05               	movwf	___awmod@counter^0,c
   615   00064A  EF2B  F003         	goto	l799
   616   00064E                     l797:
   617   00064E  90D8               	bcf	status,0,c
   618   000650  3603               	rlcf	___awmod@divisor^0,f,c
   619   000652  3604               	rlcf	(___awmod@divisor+1)^0,f,c
   620   000654  2A05               	incf	___awmod@counter^0,f,c
   621   000656                     l799:
   622   000656  AE04               	btfss	(___awmod@divisor+1)^0,7,c
   623   000658  EF30  F003         	goto	u141
   624   00065C  EF32  F003         	goto	u140
   625   000660                     u141:
   626   000660  EF27  F003         	goto	l797
   627   000664                     u140:
   628   000664                     l801:
   629   000664  5003               	movf	___awmod@divisor^0,w,c
   630   000666  5C01               	subwf	___awmod@dividend^0,w,c
   631   000668  5004               	movf	(___awmod@divisor+1)^0,w,c
   632   00066A  5802               	subwfb	(___awmod@dividend+1)^0,w,c
   633   00066C  A0D8               	btfss	status,0,c
   634   00066E  EF3B  F003         	goto	u151
   635   000672  EF3D  F003         	goto	u150
   636   000676                     u151:
   637   000676  EF41  F003         	goto	l805
   638   00067A                     u150:
   639   00067A  5003               	movf	___awmod@divisor^0,w,c
   640   00067C  5E01               	subwf	___awmod@dividend^0,f,c
   641   00067E  5004               	movf	(___awmod@divisor+1)^0,w,c
   642   000680  5A02               	subwfb	(___awmod@dividend+1)^0,f,c
   643   000682                     l805:
   644   000682  90D8               	bcf	status,0,c
   645   000684  3204               	rrcf	(___awmod@divisor+1)^0,f,c
   646   000686  3203               	rrcf	___awmod@divisor^0,f,c
   647   000688  2E05               	decfsz	___awmod@counter^0,f,c
   648   00068A  EF32  F003         	goto	l801
   649   00068E                     l809:
   650   00068E  5006               	movf	___awmod@sign^0,w,c
   651   000690  B4D8               	btfsc	status,2,c
   652   000692  EF4D  F003         	goto	u161
   653   000696  EF4F  F003         	goto	u160
   654   00069A                     u161:
   655   00069A  EF53  F003         	goto	l813
   656   00069E                     u160:
   657   00069E  6C01               	negf	___awmod@dividend^0,c
   658   0006A0  1E02               	comf	(___awmod@dividend+1)^0,f,c
   659   0006A2  B0D8               	btfsc	status,0,c
   660   0006A4  2A02               	incf	(___awmod@dividend+1)^0,f,c
   661   0006A6                     l813:
   662   0006A6  C001  F001         	movff	___awmod@dividend,?___awmod
   663   0006AA  C002  F002         	movff	___awmod@dividend+1,?___awmod+1
   664   0006AE  0012               	return		;funcret
   665   0006B0                     __end_of___awmod:
   666                           	callstack 0
   667                           
   668                           	psect	smallconst
   669   000600                     __psmallconst:
   670                           	callstack 0
   671   000600  00                 	db	0
   672   000601  00                 	db	0	; dummy byte at the end
   673   000600                     __smallconst    set	__psmallconst
   674   000600                     __mediumconst   set	__psmallconst
   675   000000                     __activetblptr  equ	0
   676                           
   677                           	psect	rparam
   678   000001                     ___rparam_used  equ	1
   679   000000                     ___param_bank   equ	0
   680   000000                     __Lparam        equ	__Lrparam
   681   000000                     __Hparam        equ	__Hrparam
   682                           
   683                           	psect	idloc
   684                           
   685                           ;Config register IDLOC0 @ 0x200000
   686                           ;	unspecified, using default values
   687   200000                     	org	2097152
   688   200000  FF                 	db	255
   689                           
   690                           ;Config register IDLOC1 @ 0x200001
   691                           ;	unspecified, using default values
   692   200001                     	org	2097153
   693   200001  FF                 	db	255
   694                           
   695                           ;Config register IDLOC2 @ 0x200002
   696                           ;	unspecified, using default values
   697   200002                     	org	2097154
   698   200002  FF                 	db	255
   699                           
   700                           ;Config register IDLOC3 @ 0x200003
   701                           ;	unspecified, using default values
   702   200003                     	org	2097155
   703   200003  FF                 	db	255
   704                           
   705                           ;Config register IDLOC4 @ 0x200004
   706                           ;	unspecified, using default values
   707   200004                     	org	2097156
   708   200004  FF                 	db	255
   709                           
   710                           ;Config register IDLOC5 @ 0x200005
   711                           ;	unspecified, using default values
   712   200005                     	org	2097157
   713   200005  FF                 	db	255
   714                           
   715                           ;Config register IDLOC6 @ 0x200006
   716                           ;	unspecified, using default values
   717   200006                     	org	2097158
   718   200006  FF                 	db	255
   719                           
   720                           ;Config register IDLOC7 @ 0x200007
   721                           ;	unspecified, using default values
   722   200007                     	org	2097159
   723   200007  FF                 	db	255
   724                           
   725                           	psect	config
   726                           
   727                           ; Padding undefined space
   728   300000                     	org	3145728
   729   300000  FF                 	db	255
   730                           
   731                           ;Config register CONFIG1H @ 0x300001
   732                           ;	Oscillator Selection bits
   733                           ;	OSC = HSPLL, HS oscillator, PLL enabled (Clock Frequency = 4 x FOSC1)
   734                           ;	Fail-Safe Clock Monitor Enable bit
   735                           ;	FCMEN = OFF, Fail-Safe Clock Monitor disabled
   736                           ;	Internal/External Oscillator Switchover bit
   737                           ;	IESO = OFF, Oscillator Switchover mode disabled
   738   300001                     	org	3145729
   739   300001  06                 	db	6
   740                           
   741                           ;Config register CONFIG2L @ 0x300002
   742                           ;	Power-up Timer Enable bit
   743                           ;	PWRT = OFF, PWRT disabled
   744                           ;	Brown-out Reset Enable bits
   745                           ;	BOREN = 0x3, unprogrammed default
   746                           ;	Brown Out Reset Voltage bits
   747                           ;	BORV = 0x3, unprogrammed default
   748   300002                     	org	3145730
   749   300002  1F                 	db	31
   750                           
   751                           ;Config register CONFIG2H @ 0x300003
   752                           ;	Watchdog Timer Enable bit
   753                           ;	WDT = OFF, WDT disabled (control is placed on the SWDTEN bit)
   754                           ;	Watchdog Timer Postscale Select bits
   755                           ;	WDTPS = 0xF, unprogrammed default
   756   300003                     	org	3145731
   757   300003  1E                 	db	30
   758                           
   759                           ; Padding undefined space
   760   300004                     	org	3145732
   761   300004  FF                 	db	255
   762                           
   763                           ;Config register CONFIG3H @ 0x300005
   764                           ;	CCP2 MUX bit
   765                           ;	CCP2MX = 0x1, unprogrammed default
   766                           ;	PORTB A/D Enable bit
   767                           ;	PBADEN = OFF, PORTB<4:0> pins are configured as digital I/O on Reset
   768                           ;	Low-Power Timer1 Oscillator Enable bit
   769                           ;	LPT1OSC = 0x0, unprogrammed default
   770                           ;	MCLR Pin Enable bit
   771                           ;	MCLRE = 0x1, unprogrammed default
   772   300005                     	org	3145733
   773   300005  81                 	db	129
   774                           
   775                           ;Config register CONFIG4L @ 0x300006
   776                           ;	Stack Full/Underflow Reset Enable bit
   777                           ;	STVREN = 0x1, unprogrammed default
   778                           ;	Single-Supply ICSP Enable bit
   779                           ;	LVP = OFF, Single-Supply ICSP disabled
   780                           ;	Extended Instruction Set Enable bit
   781                           ;	XINST = 0x0, unprogrammed default
   782                           ;	Background Debugger Enable bit
   783                           ;	DEBUG = 0x1, unprogrammed default
   784   300006                     	org	3145734
   785   300006  81                 	db	129
   786                           
   787                           ; Padding undefined space
   788   300007                     	org	3145735
   789   300007  FF                 	db	255
   790                           
   791                           ;Config register CONFIG5L @ 0x300008
   792                           ;	unspecified, using default values
   793                           ;	Code Protection bit
   794                           ;	CP0 = 0x1, unprogrammed default
   795                           ;	Code Protection bit
   796                           ;	CP1 = 0x1, unprogrammed default
   797                           ;	Code Protection bit
   798                           ;	CP2 = 0x1, unprogrammed default
   799                           ;	Code Protection bit
   800                           ;	CP3 = 0x1, unprogrammed default
   801   300008                     	org	3145736
   802   300008  0F                 	db	15
   803                           
   804                           ;Config register CONFIG5H @ 0x300009
   805                           ;	unspecified, using default values
   806                           ;	Boot Block Code Protection bit
   807                           ;	CPB = 0x1, unprogrammed default
   808                           ;	Data EEPROM Code Protection bit
   809                           ;	CPD = 0x1, unprogrammed default
   810   300009                     	org	3145737
   811   300009  C0                 	db	192
   812                           
   813                           ;Config register CONFIG6L @ 0x30000A
   814                           ;	unspecified, using default values
   815                           ;	Write Protection bit
   816                           ;	WRT0 = 0x1, unprogrammed default
   817                           ;	Write Protection bit
   818                           ;	WRT1 = 0x1, unprogrammed default
   819                           ;	Write Protection bit
   820                           ;	WRT2 = 0x1, unprogrammed default
   821                           ;	Write Protection bit
   822                           ;	WRT3 = 0x1, unprogrammed default
   823   30000A                     	org	3145738
   824   30000A  0F                 	db	15
   825                           
   826                           ;Config register CONFIG6H @ 0x30000B
   827                           ;	unspecified, using default values
   828                           ;	Configuration Register Write Protection bit
   829                           ;	WRTC = 0x1, unprogrammed default
   830                           ;	Boot Block Write Protection bit
   831                           ;	WRTB = 0x1, unprogrammed default
   832                           ;	Data EEPROM Write Protection bit
   833                           ;	WRTD = 0x1, unprogrammed default
   834   30000B                     	org	3145739
   835   30000B  E0                 	db	224
   836                           
   837                           ;Config register CONFIG7L @ 0x30000C
   838                           ;	unspecified, using default values
   839                           ;	Table Read Protection bit
   840                           ;	EBTR0 = 0x1, unprogrammed default
   841                           ;	Table Read Protection bit
   842                           ;	EBTR1 = 0x1, unprogrammed default
   843                           ;	Table Read Protection bit
   844                           ;	EBTR2 = 0x1, unprogrammed default
   845                           ;	Table Read Protection bit
   846                           ;	EBTR3 = 0x1, unprogrammed default
   847   30000C                     	org	3145740
   848   30000C  0F                 	db	15
   849                           
   850                           ;Config register CONFIG7H @ 0x30000D
   851                           ;	unspecified, using default values
   852                           ;	Boot Block Table Read Protection bit
   853                           ;	EBTRB = 0x1, unprogrammed default
   854   30000D                     	org	3145741
   855   30000D  40                 	db	64
   856                           tosu	equ	0xFFF
   857                           tosh	equ	0xFFE
   858                           tosl	equ	0xFFD
   859                           stkptr	equ	0xFFC
   860                           pclatu	equ	0xFFB
   861                           pclath	equ	0xFFA
   862                           pcl	equ	0xFF9
   863                           tblptru	equ	0xFF8
   864                           tblptrh	equ	0xFF7
   865                           tblptrl	equ	0xFF6
   866                           tablat	equ	0xFF5
   867                           prodh	equ	0xFF4
   868                           prodl	equ	0xFF3
   869                           indf0	equ	0xFEF
   870                           postinc0	equ	0xFEE
   871                           postdec0	equ	0xFED
   872                           preinc0	equ	0xFEC
   873                           plusw0	equ	0xFEB
   874                           fsr0h	equ	0xFEA
   875                           fsr0l	equ	0xFE9
   876                           wreg	equ	0xFE8
   877                           indf1	equ	0xFE7
   878                           postinc1	equ	0xFE6
   879                           postdec1	equ	0xFE5
   880                           preinc1	equ	0xFE4
   881                           plusw1	equ	0xFE3
   882                           fsr1h	equ	0xFE2
   883                           fsr1l	equ	0xFE1
   884                           bsr	equ	0xFE0
   885                           indf2	equ	0xFDF
   886                           postinc2	equ	0xFDE
   887                           postdec2	equ	0xFDD
   888                           preinc2	equ	0xFDC
   889                           plusw2	equ	0xFDB
   890                           fsr2h	equ	0xFDA
   891                           fsr2l	equ	0xFD9
   892                           status	equ	0xFD8

Data Sizes:
    Strings     0
    Constant    0
    Data        0
    BSS         192
    Persistent  0
    Stack       0

Auto Spaces:
    Space          Size  Autos    Used
    COMRAM          127     12      12
    BANK0           128      0       0
    BANK1           256      0     192
    BANK2           256      0       0
    BANK3           256      0       0
    BANK4           256      0       0
    BANK5           256      0       0

Pointer List with Targets:

    output_grb$0	PTR unsigned char  size(2) Largest target is 192
		 -> buf(BANK1[192]), 


Critical Paths under _main in COMRAM

    _main->___awmod

Critical Paths under _main in BANK0

    None.

Critical Paths under _main in BANK1

    None.

Critical Paths under _main in BANK2

    None.

Critical Paths under _main in BANK3

    None.

Critical Paths under _main in BANK4

    None.

Critical Paths under _main in BANK5

    None.

Call Graph Tables:

 ---------------------------------------------------------------------------------
 (Depth) Function   	        Calls       Base Space   Used Autos Params    Refs
 ---------------------------------------------------------------------------------
 (0) _main                                                 6     6      0     583
                                              6 COMRAM     6     6      0
                            ___awmod
                         _output_grb
                      _set_first_led
 ---------------------------------------------------------------------------------
 (1) _set_first_led                                        5     3      2     143
                                              0 COMRAM     5     3      2
 ---------------------------------------------------------------------------------
 (1) _output_grb                                           4     0      4       2
 ---------------------------------------------------------------------------------
 (1) ___awmod                                              6     2      4     298
                                              0 COMRAM     6     2      4
 ---------------------------------------------------------------------------------
 Estimated maximum stack depth 1
 ---------------------------------------------------------------------------------

 Call Graph Graphs:

 _main (ROOT)
   ___awmod
   _output_grb
   _set_first_led

Address spaces:
Name               Size   Autos  Total    Usage
BIGRAM            1535      0       0      0.0%
BITBANK5           256      0       0      0.0%
BANK5              256      0       0      0.0%
BITBANK4           256      0       0      0.0%
BANK4              256      0       0      0.0%
BITBANK3           256      0       0      0.0%
BANK3              256      0       0      0.0%
BITBANK2           256      0       0      0.0%
BANK2              256      0       0      0.0%
BITBANK1           256      0       0      0.0%
BANK1              256      0     192     75.0%
BITBANK0           128      0       0      0.0%
BANK0              128      0       0      0.0%
BITCOMRAM          127      0       0      0.0%
COMRAM             127     12      12      9.4%
BITBIGSFRh         108      0       0      0.0%
BITBIGSFRll         10      0       0      0.0%
BITBIGSFRlh          8      0       0      0.0%
STACK                0      0       0      0.0%
DATA                 0      0     204      0.0%


Microchip Technology PIC18 Macro Assembler V3.00 build 20241204225717 
Symbol Table                                                                                   Sat Nov 08 23:21:57 2025

                     l20 06B6                       l14 07CC                       l15 07D8  
                     l23 06E8                      l274 06AE                      l801 0664  
                    l811 069E                      l803 067A                      l813 06A6  
                    l805 0682                      l821 06CC                      l807 0688  
                    l831 070C                      l823 06D2                      l809 068E  
                    l833 0722                      l825 06E2                      l817 06B0  
                    l827 06EA                      l819 06BC                      l781 0602  
                    l829 06F8                      l791 062C                      l783 0604  
                    l775 07A4                      l793 0634                      l785 0612  
                    l777 07B2                      l769 079C                      l795 0646  
                    l787 061A                      l779 07B6                      l797 064E  
                    l789 061E                      l799 0656                      u100 07CC  
                    u101 07C8                      u110 0612                      u111 060E  
                    u120 062C                      u121 0628                      u130 0646  
                    u131 0642                      u140 0664                      u141 0660  
                    u150 067A                      u151 0676                      u160 069E  
                    u161 069A                      u170 06CC                      u171 06C8  
                    u180 06E2                      u181 06DE                      u197 0716  
                    _buf 0100             ___awmod@sign 0006                      wreg 0FE8  
                   _main 06B0                     indf2 0FDF                     fsr2l 0FD9  
                   start 7FFC             ___param_bank 0000                    ?_main 0001  
        __end_of___awmod 06B0             _output_grb$0 0001             _output_grb$1 0003  
                  main@b 000B                    main@g 000A                    main@r 0009  
                  status 0FD8          __initialization 07DA             __end_of_main 0746  
                 ??_main 0007            __activetblptr 0000                ??___awmod 0005  
                 clear_0 07E0          ___awmod@divisor 0003                   isa$std 0001  
        ___awmod@counter 0005             __mediumconst 0600               __accesstop 0080  
__end_of__initialization 07E6            ___rparam_used 0001    __end_of_set_first_led 07DA  
         __pcstackCOMRAM 0001               __pbssBANK1 0100                  __Hparam 0000  
                __Lparam 0000                  ___awmod 0602             __psmallconst 0600  
                __pcinit 07DA                  __ramtop 0600                  __ptext0 06B0  
                __ptext1 079A                  __ptext2 0602         ___awmod@dividend 0001  
   end_of_initialization 07E6           set_first_led@b 0002           set_first_led@g 0001  
         set_first_led@i 0004           set_first_led@r 0003                  postinc0 0FEE  
              _TRISBbits 0F93               _output_grb 0746      start_initialization 07DA  
            ?_output_grb 0001                 ?___awmod 0001          main@color_index 000C  
            __smallconst 0600                 _LATBbits 0F8A            _set_first_led 079A  
         ?_set_first_led 0001                 __Hrparam 0000                 __Lrparam 0000  
               isa$xinst 0000          ??_set_first_led 0003             ??_output_grb 0001  
